app/build/intermediates/manifest_merge_blame_file/debug/manifest-merger-blame-debug-report.txt
1<?xml version="1.0" encoding="utf-8"?>
2<manifest xmlns:android="http://schemas.android.com/apk/res/android"
3    package="com.example.travelcompanion"
4    android:versionCode="1"
5    android:versionName="1.0" >
6
7    <uses-sdk
8        android:minSdkVersion="26"
9        android:targetSdkVersion="34" />
10
11    <uses-permission android:name="android.permission.ACCESS_FINE_LOCATION" />
11-->src\main\AndroidManifest.xml:4:5-79
11-->src\main\AndroidManifest.xml:4:22-76
12    <uses-permission android:name="android.permission.ACCESS_COARSE_LOCATION" />
12-->src\main\AndroidManifest.xml:5:5-81
12-->src\main\AndroidManifest.xml:5:22-78
13    <uses-permission android:name="android.permission.ACCESS_BACKGROUND_LOCATION" />
13-->src\main\AndroidManifest.xml:6:5-85
13-->src\main\AndroidManifest.xml:6:22-82
14    <uses-permission android:name="android.permission.CAMERA" />
14-->src\main\AndroidManifest.xml:7:5-65
14-->src\main\AndroidManifest.xml:7:22-62
15    <uses-permission android:name="android.permission.INTERNET" />
15-->src\main\AndroidManifest.xml:8:5-67
15-->src\main\AndroidManifest.xml:8:22-64
16    <uses-permission android:name="android.permission.POST_NOTIFICATIONS" />
16-->src\main\AndroidManifest.xml:9:5-77
16-->src\main\AndroidManifest.xml:9:22-74
17
18    <uses-feature
18-->src\main\AndroidManifest.xml:11:5-85
19        android:name="android.hardware.camera"
19-->src\main\AndroidManifest.xml:11:19-57
20        android:required="false" />
20-->src\main\AndroidManifest.xml:11:58-82
21    <uses-feature
21-->src\main\AndroidManifest.xml:12:5-86
22        android:name="android.hardware.location"
22-->src\main\AndroidManifest.xml:12:19-59
23        android:required="true" />
23-->src\main\AndroidManifest.xml:12:60-83
24    <uses-feature
24-->src\main\AndroidManifest.xml:13:5-91
25        android:name="android.hardware.location.gps"
25-->src\main\AndroidManifest.xml:13:19-63
26        android:required="false" />
26-->src\main\AndroidManifest.xml:13:64-88
27
28    <uses-permission android:name="android.permission.FOREGROUND_SERVICE" />
28-->src\main\AndroidManifest.xml:15:5-77
28-->src\main\AndroidManifest.xml:15:22-74
29    <uses-permission android:name="android.permission.FOREGROUND_SERVICE_LOCATION" />
29-->src\main\AndroidManifest.xml:16:5-86
29-->src\main\AndroidManifest.xml:16:22-83
30
31    <queries>
31-->[androidx.camera:camera-extensions:1.3.1] AndroidManifest.xml:22:5-26:15
32        <intent>
32-->[androidx.camera:camera-extensions:1.3.1] AndroidManifest.xml:23:9-25:18
33            <action android:name="androidx.camera.extensions.action.VENDOR_ACTION" />
33-->[androidx.camera:camera-extensions:1.3.1] AndroidManifest.xml:24:13-86
33-->[androidx.camera:camera-extensions:1.3.1] AndroidManifest.xml:24:21-83
34        </intent>
35        <!-- Needs to be explicitly declared on Android R+ -->
36        <package android:name="com.google.android.apps.maps" />
36-->[com.google.android.gms:play-services-maps:18.2.0] AndroidManifest.xml:33:9-64
36-->[com.google.android.gms:play-services-maps:18.2.0] AndroidManifest.xml:33:18-61
37    </queries> <!-- Include required permissions for Google Maps API to run. -->
38    <uses-permission android:name="android.permission.ACCESS_NETWORK_STATE" />
38-->[com.google.android.gms:play-services-maps:18.2.0] AndroidManifest.xml:23:5-79
38-->[com.google.android.gms:play-services-maps:18.2.0] AndroidManifest.xml:23:22-76
39
40    <uses-feature
40-->[com.google.android.gms:play-services-maps:18.2.0] AndroidManifest.xml:26:5-28:35
41        android:glEsVersion="0x00020000"
41-->[com.google.android.gms:play-services-maps:18.2.0] AndroidManifest.xml:27:9-41
42        android:required="true" />
42-->[com.google.android.gms:play-services-maps:18.2.0] AndroidManifest.xml:28:9-32
43
44    <uses-permission android:name="android.permission.WAKE_LOCK" />
44-->[androidx.work:work-runtime:2.9.0] AndroidManifest.xml:23:5-68
44-->[androidx.work:work-runtime:2.9.0] AndroidManifest.xml:23:22-65
45    <uses-permission android:name="android.permission.RECEIVE_BOOT_COMPLETED" />
45-->[androidx.work:work-runtime:2.9.0] AndroidManifest.xml:25:5-81
45-->[androidx.work:work-runtime:2.9.0] AndroidManifest.xml:25:22-78
46
47    <permission
47-->[androidx.core:core:1.12.0] AndroidManifest.xml:22:5-24:47
48        android:name="com.example.travelcompanion.DYNAMIC_RECEIVER_NOT_EXPORTED_PERMISSION"
48-->[androidx.core:core:1.12.0] AndroidManifest.xml:23:9-81
49        android:protectionLevel="signature" />
49-->[androidx.core:core:1.12.0] AndroidManifest.xml:24:9-44
50
51    <uses-permission android:name="com.example.travelcompanion.DYNAMIC_RECEIVER_NOT_EXPORTED_PERMISSION" />
51-->[androidx.core:core:1.12.0] AndroidManifest.xml:26:5-97
51-->[androidx.core:core:1.12.0] AndroidManifest.xml:26:22-94
52
53    <application
53-->src\main\AndroidManifest.xml:18:5-51:19
54        android:name="com.example.travelcompanion.TravelCompanionApplication"
54-->src\main\AndroidManifest.xml:19:9-51
55        android:allowBackup="true"
55-->src\main\AndroidManifest.xml:20:9-35
56        android:appComponentFactory="androidx.core.app.CoreComponentFactory"
56-->[androidx.core:core:1.12.0] AndroidManifest.xml:28:18-86
57        android:debuggable="true"
58        android:extractNativeLibs="false"
59        android:label="@string/app_name"
59-->src\main\AndroidManifest.xml:21:9-41
60        android:supportsRtl="true"
60-->src\main\AndroidManifest.xml:22:9-35
61        android:theme="@style/Theme.TravelCompanion" >
61-->src\main\AndroidManifest.xml:23:9-53
62        <meta-data
63            android:name="com.google.android.geo.API_KEY"
63-->src\main\AndroidManifest.xml:26:13-58
64            android:value="YOUR_API_KEY_HERE" />
64-->src\main\AndroidManifest.xml:27:13-44
65
66        <service
66-->src\main\AndroidManifest.xml:29:9-32:40
67            android:name="com.example.travelcompanion.utils.TrackingService"
67-->src\main\AndroidManifest.xml:30:13-50
68            android:exported="false"
68-->src\main\AndroidManifest.xml:32:13-37
69            android:foregroundServiceType="location" />
69-->src\main\AndroidManifest.xml:31:13-53
70
71        <receiver
71-->src\main\AndroidManifest.xml:34:9-37:39
72            android:name="com.example.travelcompanion.utils.GeofenceBroadcastReceiver"
72-->src\main\AndroidManifest.xml:35:13-60
73            android:enabled="true"
73-->src\main\AndroidManifest.xml:36:13-35
74            android:exported="true" />
74-->src\main\AndroidManifest.xml:37:13-36
75
76        <activity
76-->src\main\AndroidManifest.xml:39:9-46:20
77            android:name="com.example.travelcompanion.ui.MainActivity"
77-->src\main\AndroidManifest.xml:40:13-44
78            android:exported="true" >
78-->src\main\AndroidManifest.xml:41:13-36
79            <intent-filter>
79-->src\main\AndroidManifest.xml:42:13-45:29
80                <action android:name="android.intent.action.MAIN" />
80-->src\main\AndroidManifest.xml:43:17-69
80-->src\main\AndroidManifest.xml:43:25-66
81
82                <category android:name="android.intent.category.LAUNCHER" />
82-->src\main\AndroidManifest.xml:44:17-77
82-->src\main\AndroidManifest.xml:44:27-74
83            </intent-filter>
84        </activity>
85        <activity android:name="com.example.travelcompanion.ui.TrackingJourneyActivity" />
85-->src\main\AndroidManifest.xml:47:9-64
85-->src\main\AndroidManifest.xml:47:19-61
86        <activity android:name="com.example.travelcompanion.ui.StatisticsActivity" />
86-->src\main\AndroidManifest.xml:48:9-59
86-->src\main\AndroidManifest.xml:48:19-56
87        <activity android:name="com.example.travelcompanion.ui.MyTripsActivity" />
87-->src\main\AndroidManifest.xml:49:9-56
87-->src\main\AndroidManifest.xml:49:19-53
88        <activity android:name="com.example.travelcompanion.ui.NoTripsActivity" />
88-->src\main\AndroidManifest.xml:50:9-56
88-->src\main\AndroidManifest.xml:50:19-53
89
90        <uses-library
90-->[androidx.camera:camera-extensions:1.3.1] AndroidManifest.xml:29:9-31:40
91            android:name="androidx.camera.extensions.impl"
91-->[androidx.camera:camera-extensions:1.3.1] AndroidManifest.xml:30:13-59
92            android:required="false" />
92-->[androidx.camera:camera-extensions:1.3.1] AndroidManifest.xml:31:13-37
93
94        <service
94-->[androidx.camera:camera-camera2:1.3.1] AndroidManifest.xml:24:9-33:19
95            android:name="androidx.camera.core.impl.MetadataHolderService"
95-->[androidx.camera:camera-camera2:1.3.1] AndroidManifest.xml:25:13-75
96            android:enabled="false"
96-->[androidx.camera:camera-camera2:1.3.1] AndroidManifest.xml:26:13-36
97            android:exported="false" >
97-->[androidx.camera:camera-camera2:1.3.1] AndroidManifest.xml:27:13-37
98            <meta-data
98-->[androidx.camera:camera-camera2:1.3.1] AndroidManifest.xml:30:13-32:89
99                android:name="androidx.camera.core.impl.MetadataHolderService.DEFAULT_CONFIG_PROVIDER"
99-->[androidx.camera:camera-camera2:1.3.1] AndroidManifest.xml:31:17-103
100                android:value="androidx.camera.camera2.Camera2Config$DefaultProvider" />
100-->[androidx.camera:camera-camera2:1.3.1] AndroidManifest.xml:32:17-86
101        </service>
102
103        <provider
103-->[androidx.emoji2:emoji2:1.2.0] AndroidManifest.xml:24:9-32:20
104            android:name="androidx.startup.InitializationProvider"
104-->[androidx.emoji2:emoji2:1.2.0] AndroidManifest.xml:25:13-67
105            android:authorities="com.example.travelcompanion.androidx-startup"
105-->[androidx.emoji2:emoji2:1.2.0] AndroidManifest.xml:26:13-68
106            android:exported="false" >
106-->[androidx.emoji2:emoji2:1.2.0] AndroidManifest.xml:27:13-37
107            <meta-data
107-->[androidx.emoji2:emoji2:1.2.0] AndroidManifest.xml:29:13-31:52
108                android:name="androidx.emoji2.text.EmojiCompatInitializer"
108-->[androidx.emoji2:emoji2:1.2.0] AndroidManifest.xml:30:17-75
109                android:value="androidx.startup" />
109-->[androidx.emoji2:emoji2:1.2.0] AndroidManifest.xml:31:17-49
110            <meta-data
110-->[androidx.work:work-runtime:2.9.0] AndroidManifest.xml:34:13-36:52
111                android:name="androidx.work.WorkManagerInitializer"
111-->[androidx.work:work-runtime:2.9.0] AndroidManifest.xml:35:17-68
112                android:value="androidx.startup" />
112-->[androidx.work:work-runtime:2.9.0] AndroidManifest.xml:36:17-49
113            <meta-data
113-->[androidx.lifecycle:lifecycle-process:2.7.0] AndroidManifest.xml:29:13-31:52
114                android:name="androidx.lifecycle.ProcessLifecycleInitializer"
114-->[androidx.lifecycle:lifecycle-process:2.7.0] AndroidManifest.xml:30:17-78
115                android:value="androidx.startup" />
115-->[androidx.lifecycle:lifecycle-process:2.7.0] AndroidManifest.xml:31:17-49
116            <meta-data
116-->[androidx.profileinstaller:profileinstaller:1.3.0] AndroidManifest.xml:29:13-31:52
117                android:name="androidx.profileinstaller.ProfileInstallerInitializer"
117-->[androidx.profileinstaller:profileinstaller:1.3.0] AndroidManifest.xml:30:17-85
118                android:value="androidx.startup" />
118-->[androidx.profileinstaller:profileinstaller:1.3.0] AndroidManifest.xml:31:17-49
119        </provider> <!-- Needs to be explicitly declared on P+ -->
120        <uses-library
120-->[com.google.android.gms:play-services-maps:18.2.0] AndroidManifest.xml:39:9-41:40
121            android:name="org.apache.http.legacy"
121-->[com.google.android.gms:play-services-maps:18.2.0] AndroidManifest.xml:40:13-50
122            android:required="false" />
122-->[com.google.android.gms:play-services-maps:18.2.0] AndroidManifest.xml:41:13-37
123
124        <activity
124-->[com.google.android.gms:play-services-base:18.1.0] AndroidManifest.xml:20:9-22:45
125            android:name="com.google.android.gms.common.api.GoogleApiActivity"
125-->[com.google.android.gms:play-services-base:18.1.0] AndroidManifest.xml:20:19-85
126            android:exported="false"
126-->[com.google.android.gms:play-services-base:18.1.0] AndroidManifest.xml:22:19-43
127            android:theme="@android:style/Theme.Translucent.NoTitleBar" />
127-->[com.google.android.gms:play-services-base:18.1.0] AndroidManifest.xml:21:19-78
128
129        <meta-data
129-->[com.google.android.gms:play-services-basement:18.1.0] AndroidManifest.xml:21:9-23:69
130            android:name="com.google.android.gms.version"
130-->[com.google.android.gms:play-services-basement:18.1.0] AndroidManifest.xml:22:13-58
131            android:value="@integer/google_play_services_version" />
131-->[com.google.android.gms:play-services-basement:18.1.0] AndroidManifest.xml:23:13-66
132
133        <service
133-->[androidx.work:work-runtime:2.9.0] AndroidManifest.xml:39:9-45:35
134            android:name="androidx.work.impl.background.systemalarm.SystemAlarmService"
134-->[androidx.work:work-runtime:2.9.0] AndroidManifest.xml:40:13-88
135            android:directBootAware="false"
135-->[androidx.work:work-runtime:2.9.0] AndroidManifest.xml:41:13-44
136            android:enabled="@bool/enable_system_alarm_service_default"
136-->[androidx.work:work-runtime:2.9.0] AndroidManifest.xml:42:13-72
137            android:exported="false" />
137-->[androidx.work:work-runtime:2.9.0] AndroidManifest.xml:43:13-37
138        <service
138-->[androidx.work:work-runtime:2.9.0] AndroidManifest.xml:46:9-52:35
139            android:name="androidx.work.impl.background.systemjob.SystemJobService"
139-->[androidx.work:work-runtime:2.9.0] AndroidManifest.xml:47:13-84
140            android:directBootAware="false"
140-->[androidx.work:work-runtime:2.9.0] AndroidManifest.xml:48:13-44
141            android:enabled="@bool/enable_system_job_service_default"
141-->[androidx.work:work-runtime:2.9.0] AndroidManifest.xml:49:13-70
142            android:exported="true"
142-->[androidx.work:work-runtime:2.9.0] AndroidManifest.xml:50:13-36
143            android:permission="android.permission.BIND_JOB_SERVICE" />
143-->[androidx.work:work-runtime:2.9.0] AndroidManifest.xml:51:13-69
144        <service
144-->[androidx.work:work-runtime:2.9.0] AndroidManifest.xml:53:9-59:35
145            android:name="androidx.work.impl.foreground.SystemForegroundService"
145-->[androidx.work:work-runtime:2.9.0] AndroidManifest.xml:54:13-81
146            android:directBootAware="false"
146-->[androidx.work:work-runtime:2.9.0] AndroidManifest.xml:55:13-44
147            android:enabled="@bool/enable_system_foreground_service_default"
147-->[androidx.work:work-runtime:2.9.0] AndroidManifest.xml:56:13-77
148            android:exported="false" />
148-->[androidx.work:work-runtime:2.9.0] AndroidManifest.xml:57:13-37
149
150        <receiver
150-->[androidx.work:work-runtime:2.9.0] AndroidManifest.xml:61:9-66:35
151            android:name="androidx.work.impl.utils.ForceStopRunnable$BroadcastReceiver"
151-->[androidx.work:work-runtime:2.9.0] AndroidManifest.xml:62:13-88
152            android:directBootAware="false"
152-->[androidx.work:work-runtime:2.9.0] AndroidManifest.xml:63:13-44
153            android:enabled="true"
153-->[androidx.work:work-runtime:2.9.0] AndroidManifest.xml:64:13-35
154            android:exported="false" />
154-->[androidx.work:work-runtime:2.9.0] AndroidManifest.xml:65:13-37
155        <receiver
155-->[androidx.work:work-runtime:2.9.0] AndroidManifest.xml:67:9-77:20
156            android:name="androidx.work.impl.background.systemalarm.ConstraintProxy$BatteryChargingProxy"
156-->[androidx.work:work-runtime:2.9.0] AndroidManifest.xml:68:13-106
157            android:directBootAware="false"
157-->[androidx.work:work-runtime:2.9.0] AndroidManifest.xml:69:13-44
158            android:enabled="false"
158-->[androidx.work:work-runtime:2.9.0] AndroidManifest.xml:70:13-36
159            android:exported="false" >
159-->[androidx.work:work-runtime:2.9.0] AndroidManifest.xml:71:13-37
160            <intent-filter>
160-->[androidx.work:work-runtime:2.9.0] AndroidManifest.xml:73:13-76:29
161                <action android:name="android.intent.action.ACTION_POWER_CONNECTED" />
161-->[androidx.work:work-runtime:2.9.0] AndroidManifest.xml:74:17-87
161-->[androidx.work:work-runtime:2.9.0] AndroidManifest.xml:74:25-84
162                <action android:name="android.intent.action.ACTION_POWER_DISCONNECTED" />
162-->[androidx.work:work-runtime:2.9.0] AndroidManifest.xml:75:17-90
162-->[androidx.work:work-runtime:2.9.0] AndroidManifest.xml:75:25-87
163            </intent-filter>
164        </receiver>
165        <receiver
165-->[androidx.work:work-runtime:2.9.0] AndroidManifest.xml:78:9-88:20
166            android:name="androidx.work.impl.background.systemalarm.ConstraintProxy$BatteryNotLowProxy"
166-->[androidx.work:work-runtime:2.9.0] AndroidManifest.xml:79:13-104
167            android:directBootAware="false"
167-->[androidx.work:work-runtime:2.9.0] AndroidManifest.xml:80:13-44
168            android:enabled="false"
168-->[androidx.work:work-runtime:2.9.0] AndroidManifest.xml:81:13-36
169            android:exported="false" >
169-->[androidx.work:work-runtime:2.9.0] AndroidManifest.xml:82:13-37
170            <intent-filter>
170-->[androidx.work:work-runtime:2.9.0] AndroidManifest.xml:84:13-87:29
171                <action android:name="android.intent.action.BATTERY_OKAY" />
171-->[androidx.work:work-runtime:2.9.0] AndroidManifest.xml:85:17-77
171-->[androidx.work:work-runtime:2.9.0] AndroidManifest.xml:85:25-74
172                <action android:name="android.intent.action.BATTERY_LOW" />
172-->[androidx.work:work-runtime:2.9.0] AndroidManifest.xml:86:17-76
172-->[androidx.work:work-runtime:2.9.0] AndroidManifest.xml:86:25-73
173            </intent-filter>
174        </receiver>
175        <receiver
175-->[androidx.work:work-runtime:2.9.0] AndroidManifest.xml:89:9-99:20
176            android:name="androidx.work.impl.background.systemalarm.ConstraintProxy$StorageNotLowProxy"
176-->[androidx.work:work-runtime:2.9.0] AndroidManifest.xml:90:13-104
177            android:directBootAware="false"
177-->[androidx.work:work-runtime:2.9.0] AndroidManifest.xml:91:13-44
178            android:enabled="false"
178-->[androidx.work:work-runtime:2.9.0] AndroidManifest.xml:92:13-36
179            android:exported="false" >
179-->[androidx.work:work-runtime:2.9.0] AndroidManifest.xml:93:13-37
180            <intent-filter>
180-->[androidx.work:work-runtime:2.9.0] AndroidManifest.xml:95:13-98:29
181                <action android:name="android.intent.action.DEVICE_STORAGE_LOW" />
181-->[androidx.work:work-runtime:2.9.0] AndroidManifest.xml:96:17-83
181-->[androidx.work:work-runtime:2.9.0] AndroidManifest.xml:96:25-80
182                <action android:name="android.intent.action.DEVICE_STORAGE_OK" />
182-->[androidx.work:work-runtime:2.9.0] AndroidManifest.xml:97:17-82
182-->[androidx.work:work-runtime:2.9.0] AndroidManifest.xml:97:25-79
183            </intent-filter>
184        </receiver>
185        <receiver
185-->[androidx.work:work-runtime:2.9.0] AndroidManifest.xml:100:9-109:20
186            android:name="androidx.work.impl.background.systemalarm.ConstraintProxy$NetworkStateProxy"
186-->[androidx.work:work-runtime:2.9.0] AndroidManifest.xml:101:13-103
187            android:directBootAware="false"
187-->[androidx.work:work-runtime:2.9.0] AndroidManifest.xml:102:13-44
188            android:enabled="false"
188-->[androidx.work:work-runtime:2.9.0] AndroidManifest.xml:103:13-36
189            android:exported="false" >
189-->[androidx.work:work-runtime:2.9.0] AndroidManifest.xml:104:13-37
190            <intent-filter>
190-->[androidx.work:work-runtime:2.9.0] AndroidManifest.xml:106:13-108:29
191                <action android:name="android.net.conn.CONNECTIVITY_CHANGE" />
191-->[androidx.work:work-runtime:2.9.0] AndroidManifest.xml:107:17-79
191-->[androidx.work:work-runtime:2.9.0] AndroidManifest.xml:107:25-76
192            </intent-filter>
193        </receiver>
194        <receiver
194-->[androidx.work:work-runtime:2.9.0] AndroidManifest.xml:110:9-121:20
195            android:name="androidx.work.impl.background.systemalarm.RescheduleReceiver"
195-->[androidx.work:work-runtime:2.9.0] AndroidManifest.xml:111:13-88
196            android:directBootAware="false"
196-->[androidx.work:work-runtime:2.9.0] AndroidManifest.xml:112:13-44
197            android:enabled="false"
197-->[androidx.work:work-runtime:2.9.0] AndroidManifest.xml:113:13-36
198            android:exported="false" >
198-->[androidx.work:work-runtime:2.9.0] AndroidManifest.xml:114:13-37
199            <intent-filter>
199-->[androidx.work:work-runtime:2.9.0] AndroidManifest.xml:116:13-120:29
200                <action android:name="android.intent.action.BOOT_COMPLETED" />
200-->[androidx.work:work-runtime:2.9.0] AndroidManifest.xml:117:17-79
200-->[androidx.work:work-runtime:2.9.0] AndroidManifest.xml:117:25-76
201                <action android:name="android.intent.action.TIME_SET" />
201-->[androidx.work:work-runtime:2.9.0] AndroidManifest.xml:118:17-73
201-->[androidx.work:work-runtime:2.9.0] AndroidManifest.xml:118:25-70
202                <action android:name="android.intent.action.TIMEZONE_CHANGED" />
202-->[androidx.work:work-runtime:2.9.0] AndroidManifest.xml:119:17-81
202-->[androidx.work:work-runtime:2.9.0] AndroidManifest.xml:119:25-78
203            </intent-filter>
204        </receiver>
205        <receiver
205-->[androidx.work:work-runtime:2.9.0] AndroidManifest.xml:122:9-131:20
206            android:name="androidx.work.impl.background.systemalarm.ConstraintProxyUpdateReceiver"
206-->[androidx.work:work-runtime:2.9.0] AndroidManifest.xml:123:13-99
207            android:directBootAware="false"
207-->[androidx.work:work-runtime:2.9.0] AndroidManifest.xml:124:13-44
208            android:enabled="@bool/enable_system_alarm_service_default"
208-->[androidx.work:work-runtime:2.9.0] AndroidManifest.xml:125:13-72
209            android:exported="false" >
209-->[androidx.work:work-runtime:2.9.0] AndroidManifest.xml:126:13-37
210            <intent-filter>
210-->[androidx.work:work-runtime:2.9.0] AndroidManifest.xml:128:13-130:29
211                <action android:name="androidx.work.impl.background.systemalarm.UpdateProxies" />
211-->[androidx.work:work-runtime:2.9.0] AndroidManifest.xml:129:17-98
211-->[androidx.work:work-runtime:2.9.0] AndroidManifest.xml:129:25-95
212            </intent-filter>
213        </receiver>
214        <receiver
214-->[androidx.work:work-runtime:2.9.0] AndroidManifest.xml:132:9-142:20
215            android:name="androidx.work.impl.diagnostics.DiagnosticsReceiver"
215-->[androidx.work:work-runtime:2.9.0] AndroidManifest.xml:133:13-78
216            android:directBootAware="false"
216-->[androidx.work:work-runtime:2.9.0] AndroidManifest.xml:134:13-44
217            android:enabled="true"
217-->[androidx.work:work-runtime:2.9.0] AndroidManifest.xml:135:13-35
218            android:exported="true"
218-->[androidx.work:work-runtime:2.9.0] AndroidManifest.xml:136:13-36
219            android:permission="android.permission.DUMP" >
219-->[androidx.work:work-runtime:2.9.0] AndroidManifest.xml:137:13-57
220            <intent-filter>
220-->[androidx.work:work-runtime:2.9.0] AndroidManifest.xml:139:13-141:29
221                <action android:name="androidx.work.diagnostics.REQUEST_DIAGNOSTICS" />
221-->[androidx.work:work-runtime:2.9.0] AndroidManifest.xml:140:17-88
221-->[androidx.work:work-runtime:2.9.0] AndroidManifest.xml:140:25-85
222            </intent-filter>
223        </receiver>
224
225        <uses-library
225-->[androidx.window:window:1.0.0] AndroidManifest.xml:25:9-27:40
226            android:name="androidx.window.extensions"
226-->[androidx.window:window:1.0.0] AndroidManifest.xml:26:13-54
227            android:required="false" />
227-->[androidx.window:window:1.0.0] AndroidManifest.xml:27:13-37
228        <uses-library
228-->[androidx.window:window:1.0.0] AndroidManifest.xml:28:9-30:40
229            android:name="androidx.window.sidecar"
229-->[androidx.window:window:1.0.0] AndroidManifest.xml:29:13-51
230            android:required="false" />
230-->[androidx.window:window:1.0.0] AndroidManifest.xml:30:13-37
231
232        <service
232-->[androidx.room:room-runtime:2.6.1] AndroidManifest.xml:24:9-28:63
233            android:name="androidx.room.MultiInstanceInvalidationService"
233-->[androidx.room:room-runtime:2.6.1] AndroidManifest.xml:25:13-74
234            android:directBootAware="true"
234-->[androidx.room:room-runtime:2.6.1] AndroidManifest.xml:26:13-43
235            android:exported="false" />
235-->[androidx.room:room-runtime:2.6.1] AndroidManifest.xml:27:13-37
236
237        <receiver
237-->[androidx.profileinstaller:profileinstaller:1.3.0] AndroidManifest.xml:34:9-52:20
238            android:name="androidx.profileinstaller.ProfileInstallReceiver"
238-->[androidx.profileinstaller:profileinstaller:1.3.0] AndroidManifest.xml:35:13-76
239            android:directBootAware="false"
239-->[androidx.profileinstaller:profileinstaller:1.3.0] AndroidManifest.xml:36:13-44
240            android:enabled="true"
240-->[androidx.profileinstaller:profileinstaller:1.3.0] AndroidManifest.xml:37:13-35
241            android:exported="true"
241-->[androidx.profileinstaller:profileinstaller:1.3.0] AndroidManifest.xml:38:13-36
242            android:permission="android.permission.DUMP" >
242-->[androidx.profileinstaller:profileinstaller:1.3.0] AndroidManifest.xml:39:13-57
243            <intent-filter>
243-->[androidx.profileinstaller:profileinstaller:1.3.0] AndroidManifest.xml:40:13-42:29
244                <action android:name="androidx.profileinstaller.action.INSTALL_PROFILE" />
244-->[androidx.profileinstaller:profileinstaller:1.3.0] AndroidManifest.xml:41:17-91
244-->[androidx.profileinstaller:profileinstaller:1.3.0] AndroidManifest.xml:41:25-88
245            </intent-filter>
246            <intent-filter>
246-->[androidx.profileinstaller:profileinstaller:1.3.0] AndroidManifest.xml:43:13-45:29
247                <action android:name="androidx.profileinstaller.action.SKIP_FILE" />
247-->[androidx.profileinstaller:profileinstaller:1.3.0] AndroidManifest.xml:44:17-85
247-->[androidx.profileinstaller:profileinstaller:1.3.0] AndroidManifest.xml:44:25-82
248            </intent-filter>
249            <intent-filter>
249-->[androidx.profileinstaller:profileinstaller:1.3.0] AndroidManifest.xml:46:13-48:29
250                <action android:name="androidx.profileinstaller.action.SAVE_PROFILE" />
250-->[androidx.profileinstaller:profileinstaller:1.3.0] AndroidManifest.xml:47:17-88
250-->[androidx.profileinstaller:profileinstaller:1.3.0] AndroidManifest.xml:47:25-85
251            </intent-filter>
252            <intent-filter>
252-->[androidx.profileinstaller:profileinstaller:1.3.0] AndroidManifest.xml:49:13-51:29
253                <action android:name="androidx.profileinstaller.action.BENCHMARK_OPERATION" />
253-->[androidx.profileinstaller:profileinstaller:1.3.0] AndroidManifest.xml:50:17-95
253-->[androidx.profileinstaller:profileinstaller:1.3.0] AndroidManifest.xml:50:25-92
254            </intent-filter>
255        </receiver>
256    </application>
257
258</manifest>